0 info it worked if it ends with ok
1 verbose cli [ 'C:\\Program Files\\nodejs\\node.exe',
1 verbose cli   'C:\\Users\\Andrej\\AppData\\Roaming\\npm\\node_modules\\npm\\bin\\npm-cli.js',
1 verbose cli   'run',
1 verbose cli   'build' ]
2 info using npm@4.1.1
3 info using node@v6.9.1
4 verbose run-script [ 'prebuild', 'build', 'postbuild' ]
5 info lifecycle bt-cyclejs@0.0.0~prebuild: bt-cyclejs@0.0.0
6 silly lifecycle bt-cyclejs@0.0.0~prebuild: no script for prebuild, continuing
7 info lifecycle bt-cyclejs@0.0.0~build: bt-cyclejs@0.0.0
8 verbose lifecycle bt-cyclejs@0.0.0~build: unsafe-perm in lifecycle true
9 verbose lifecycle bt-cyclejs@0.0.0~build: PATH: C:\Users\Andrej\AppData\Roaming\npm\node_modules\npm\bin\node-gyp-bin;C:\Users\Andrej\Desktop\Projekte\BrainTrainerProject\cyclejs\node_modules\.bin;C:\ProgramData\Oracle\Java\javapath;C:\Windows\system32;C:\Windows;C:\Windows\System32\Wbem;C:\Windows\System32\WindowsPowerShell\v1.0\;C:\Users\Andrej\.dnx\bin;C:\Program Files\Microsoft DNX\Dnvm\;C:\Program Files (x86)\Windows Kits\8.1\Windows Performance Toolkit\;C:\Program Files\Microsoft SQL Server\120\Tools\Binn\;C:\Program Files\Microsoft SQL Server\130\Tools\Binn\;C:\Program Files\Git\cmd;%JAVA_HOME%\bin;C:\Program Files (x86)\Skype\Phone\;C:\Users\Andrej\AppData\Local\Programs\Python\Python35-32;C:\WINDOWS\system32;C:\WINDOWS;C:\WINDOWS\System32\Wbem;C:\WINDOWS\System32\WindowsPowerShell\v1.0\;C:\Program Files\nodejs\;C:\Program Files (x86)\Meld\;C:\Program Files (x86)\QuickTime\QTSystem\;C:\Program Files\Intel\WiFi\bin\;C:\Program Files\Common Files\Intel\WirelessCommon\;C:\Program Files (x86)\Geth;C:\texlive\2015\bin\win32;C:\Users\Andrej\AppData\Local\Microsoft\WindowsApps;C:\Users\Andrej\AppData\Roaming\npm;C:\Users\Andrej\AppData\Local\atom\bin;C:\Program Files\Intel\WiFi\bin\;C:\Program Files\Common Files\Intel\WirelessCommon\;C:\Users\Andrej\AppData\Local\Microsoft\WindowsApps;;C:\Program Files (x86)\Microsoft VS Code\bin
10 verbose lifecycle bt-cyclejs@0.0.0~build: CWD: C:\Users\Andrej\Desktop\Projekte\BrainTrainerProject\cyclejs
11 silly lifecycle bt-cyclejs@0.0.0~build: Args: [ '/d /s /c', 'gulp build' ]
12 silly lifecycle bt-cyclejs@0.0.0~build: Returned: code: 1  signal: null
13 info lifecycle bt-cyclejs@0.0.0~build: Failed to exec build script
14 verbose stack Error: bt-cyclejs@0.0.0 build: `gulp build`
14 verbose stack Exit status 1
14 verbose stack     at EventEmitter.<anonymous> (C:\Users\Andrej\AppData\Roaming\npm\node_modules\npm\lib\utils\lifecycle.js:279:16)
14 verbose stack     at emitTwo (events.js:106:13)
14 verbose stack     at EventEmitter.emit (events.js:191:7)
14 verbose stack     at ChildProcess.<anonymous> (C:\Users\Andrej\AppData\Roaming\npm\node_modules\npm\lib\utils\spawn.js:40:14)
14 verbose stack     at emitTwo (events.js:106:13)
14 verbose stack     at ChildProcess.emit (events.js:191:7)
14 verbose stack     at maybeClose (internal/child_process.js:877:16)
14 verbose stack     at Process.ChildProcess._handle.onexit (internal/child_process.js:226:5)
15 verbose pkgid bt-cyclejs@0.0.0
16 verbose cwd C:\Users\Andrej\Desktop\Projekte\BrainTrainerProject\cyclejs
17 error Windows_NT 10.0.15063
18 error argv "C:\\Program Files\\nodejs\\node.exe" "C:\\Users\\Andrej\\AppData\\Roaming\\npm\\node_modules\\npm\\bin\\npm-cli.js" "run" "build"
19 error node v6.9.1
20 error npm  v4.1.1
21 error code ELIFECYCLE
22 error bt-cyclejs@0.0.0 build: `gulp build`
22 error Exit status 1
23 error Failed at the bt-cyclejs@0.0.0 build script 'gulp build'.
23 error Make sure you have the latest version of node.js and npm installed.
23 error If you do, this is most likely a problem with the bt-cyclejs package,
23 error not with npm itself.
23 error Tell the author that this fails on your system:
23 error     gulp build
23 error You can get information on how to open an issue for this project with:
23 error     npm bugs bt-cyclejs
23 error Or if that isn't available, you can get their info via:
23 error     npm owner ls bt-cyclejs
23 error There is likely additional logging output above.
24 verbose exit [ 1, true ]
